c:\users\2301715\onedrive - abertay university\work\procedural metods\project 1\bin\desktop_2015\x64\debug\directxtksimplesample_2015.pch
c:\users\2301715\onedrive - abertay university\work\procedural metods\project 1\bin\desktop_2015\x64\debug\vc143.pdb
c:\users\2301715\onedrive - abertay university\work\procedural metods\project 1\bin\desktop_2015\x64\debug\vc143.idb
c:\users\2301715\onedrive - abertay university\work\procedural metods\project 1\bin\desktop_2015\x64\debug\pch.obj
c:\users\2301715\onedrive - abertay university\work\procedural metods\project 1\bin\desktop_2015\x64\debug\shader.obj
c:\users\2301715\onedrive - abertay university\work\procedural metods\project 1\bin\desktop_2015\x64\debug\sea.obj
c:\users\2301715\onedrive - abertay university\work\procedural metods\project 1\bin\desktop_2015\x64\debug\sandshader.obj
c:\users\2301715\onedrive - abertay university\work\procedural metods\project 1\bin\desktop_2015\x64\debug\sand.obj
c:\users\2301715\onedrive - abertay university\work\procedural metods\project 1\bin\desktop_2015\x64\debug\rendertexture.obj
c:\users\2301715\onedrive - abertay university\work\procedural metods\project 1\bin\desktop_2015\x64\debug\particlesystem.obj
c:\users\2301715\onedrive - abertay university\work\procedural metods\project 1\bin\desktop_2015\x64\debug\modelclass.obj
c:\users\2301715\onedrive - abertay university\work\procedural metods\project 1\bin\desktop_2015\x64\debug\main.obj
c:\users\2301715\onedrive - abertay university\work\procedural metods\project 1\bin\desktop_2015\x64\debug\lighthouse.obj
c:\users\2301715\onedrive - abertay university\work\procedural metods\project 1\bin\desktop_2015\x64\debug\light.obj
c:\users\2301715\onedrive - abertay university\work\procedural metods\project 1\bin\desktop_2015\x64\debug\sound3d.obj
c:\users\2301715\onedrive - abertay university\work\procedural metods\project 1\bin\desktop_2015\x64\debug\postprocessingmanager.obj
c:\users\2301715\onedrive - abertay university\work\procedural metods\project 1\bin\desktop_2015\x64\debug\input.obj
c:\users\2301715\onedrive - abertay university\work\procedural metods\project 1\bin\desktop_2015\x64\debug\game.obj
c:\users\2301715\onedrive - abertay university\work\procedural metods\project 1\bin\desktop_2015\x64\debug\entity.obj
c:\users\2301715\onedrive - abertay university\work\procedural metods\project 1\bin\desktop_2015\x64\debug\deviceresources.obj
c:\users\2301715\onedrive - abertay university\work\procedural metods\project 1\bin\desktop_2015\x64\debug\crystal.obj
c:\users\2301715\onedrive - abertay university\work\procedural metods\project 1\bin\desktop_2015\x64\debug\circularmaze.obj
c:\users\2301715\onedrive - abertay university\work\procedural metods\project 1\bin\desktop_2015\x64\debug\camera.obj
c:\users\2301715\onedrive - abertay university\work\procedural metods\project 1\bin\desktop_2015\x64\debug\boat.obj
c:\users\2301715\onedrive - abertay university\work\procedural metods\project 1\bin\desktop_2015\x64\debug\wavessound.obj
c:\users\2301715\onedrive - abertay university\work\procedural metods\project 1\bin\desktop_2015\x64\debug\watershader.obj
c:\users\2301715\onedrive - abertay university\work\procedural metods\project 1\bin\desktop_2015\x64\debug\terrainshader.obj
c:\users\2301715\onedrive - abertay university\work\procedural metods\project 1\bin\desktop_2015\x64\debug\terrain.obj
c:\users\2301715\onedrive - abertay university\work\procedural metods\project 1\bin\desktop_2015\x64\debug\staticshader.obj
c:\users\2301715\onedrive - abertay university\work\procedural metods\project 1\bin\desktop_2015\x64\debug\staticentity.obj
c:\users\2301715\onedrive - abertay university\work\procedural metods\project 1\bin\desktop_2015\x64\debug\sierpinski.obj
c:\users\pablo\onedrive - abertay university\work\procedural metods\project 1\bin\desktop_2015\x64\debug\directxtksimplesample_2015.pch
c:\users\pablo\onedrive - abertay university\work\procedural metods\project 1\bin\desktop_2015\x64\debug\vc143.pdb
c:\users\pablo\onedrive - abertay university\work\procedural metods\project 1\bin\desktop_2015\x64\debug\vc143.idb
c:\users\pablo\onedrive - abertay university\work\procedural metods\project 1\bin\desktop_2015\x64\debug\pch.obj
c:\users\pablo\onedrive - abertay university\work\procedural metods\project 1\bin\desktop_2015\x64\debug\sea.obj
c:\users\pablo\onedrive - abertay university\work\procedural metods\project 1\bin\desktop_2015\x64\debug\sandshader.obj
c:\users\pablo\onedrive - abertay university\work\procedural metods\project 1\bin\desktop_2015\x64\debug\sand.obj
c:\users\pablo\onedrive - abertay university\work\procedural metods\project 1\bin\desktop_2015\x64\debug\rendertexture.obj
c:\users\pablo\onedrive - abertay university\work\procedural metods\project 1\bin\desktop_2015\x64\debug\particlesystem.obj
c:\users\pablo\onedrive - abertay university\work\procedural metods\project 1\bin\desktop_2015\x64\debug\modelclass.obj
c:\users\pablo\onedrive - abertay university\work\procedural metods\project 1\bin\desktop_2015\x64\debug\main.obj
c:\users\pablo\onedrive - abertay university\work\procedural metods\project 1\bin\desktop_2015\x64\debug\lighthouse.obj
c:\users\pablo\onedrive - abertay university\work\procedural metods\project 1\bin\desktop_2015\x64\debug\light.obj
c:\users\pablo\onedrive - abertay university\work\procedural metods\project 1\bin\desktop_2015\x64\debug\sound3d.obj
c:\users\pablo\onedrive - abertay university\work\procedural metods\project 1\bin\desktop_2015\x64\debug\postprocessingmanager.obj
c:\users\pablo\onedrive - abertay university\work\procedural metods\project 1\bin\desktop_2015\x64\debug\input.obj
c:\users\pablo\onedrive - abertay university\work\procedural metods\project 1\bin\desktop_2015\x64\debug\game.obj
c:\users\pablo\onedrive - abertay university\work\procedural metods\project 1\bin\desktop_2015\x64\debug\entity.obj
c:\users\pablo\onedrive - abertay university\work\procedural metods\project 1\bin\desktop_2015\x64\debug\deviceresources.obj
c:\users\pablo\onedrive - abertay university\work\procedural metods\project 1\bin\desktop_2015\x64\debug\crystal.obj
c:\users\pablo\onedrive - abertay university\work\procedural metods\project 1\bin\desktop_2015\x64\debug\circularmaze.obj
c:\users\pablo\onedrive - abertay university\work\procedural metods\project 1\bin\desktop_2015\x64\debug\camera.obj
c:\users\pablo\onedrive - abertay university\work\procedural metods\project 1\bin\desktop_2015\x64\debug\boat.obj
c:\users\pablo\onedrive - abertay university\work\procedural metods\project 1\bin\desktop_2015\x64\debug\wavessound.obj
c:\users\pablo\onedrive - abertay university\work\procedural metods\project 1\bin\desktop_2015\x64\debug\watershader.obj
c:\users\pablo\onedrive - abertay university\work\procedural metods\project 1\bin\desktop_2015\x64\debug\terrainshader.obj
c:\users\pablo\onedrive - abertay university\work\procedural metods\project 1\bin\desktop_2015\x64\debug\terrain.obj
c:\users\pablo\onedrive - abertay university\work\procedural metods\project 1\bin\desktop_2015\x64\debug\staticshader.obj
c:\users\pablo\onedrive - abertay university\work\procedural metods\project 1\bin\desktop_2015\x64\debug\staticentity.obj
c:\users\pablo\onedrive - abertay university\work\procedural metods\project 1\bin\desktop_2015\x64\debug\sierpinski.obj
c:\users\pablo\onedrive - abertay university\work\procedural metods\project 1\bin\desktop_2015\x64\debug\shader.obj
c:\users\pablo\onedrive - abertay university\work\procedural metods\project 1\bin\desktop_2015\x64\debug\xapobaseredist.pdb
c:\users\pablo\onedrive - abertay university\work\procedural metods\project 1\bin\desktop_2015\x64\debug\xaudio2_9redist.pdb
c:\users\pablo\onedrive - abertay university\work\procedural metods\project 1\bin\desktop_2015\x64\debug\xaudio2_9redist.dll
c:\users\2301715\onedrive - abertay university\work\procedural metods\project 1\blackwhite_ps.cso
c:\users\2301715\onedrive - abertay university\work\procedural metods\project 1\dof_ps.cso
c:\users\2301715\onedrive - abertay university\work\procedural metods\project 1\lightnormal_ps.cso
c:\users\2301715\onedrive - abertay university\work\procedural metods\project 1\lightnormal_vs.cso
c:\users\2301715\onedrive - abertay university\work\procedural metods\project 1\particle_cs.cso
c:\users\2301715\onedrive - abertay university\work\procedural metods\project 1\particle_gs.cso
c:\users\2301715\onedrive - abertay university\work\procedural metods\project 1\particle_ps.cso
c:\users\2301715\onedrive - abertay university\work\procedural metods\project 1\particle_vs.cso
c:\users\2301715\onedrive - abertay university\work\procedural metods\project 1\sand_ps.cso
c:\users\2301715\onedrive - abertay university\work\procedural metods\project 1\sand_vs.cso
c:\users\2301715\onedrive - abertay university\work\procedural metods\project 1\skybox_ps.cso
c:\users\2301715\onedrive - abertay university\work\procedural metods\project 1\skybox_vs.cso
c:\users\2301715\onedrive - abertay university\work\procedural metods\project 1\terrain_ps.cso
c:\users\2301715\onedrive - abertay university\work\procedural metods\project 1\terrain_vs.cso
c:\users\2301715\onedrive - abertay university\work\procedural metods\project 1\vignette_ps.cso
c:\users\2301715\onedrive - abertay university\work\procedural metods\project 1\waves_vs.cso
c:\users\2301715\onedrive - abertay university\work\procedural metods\project 1\waves_ps.cso
c:\users\pablo\onedrive - abertay university\work\procedural metods\project 1\blackwhite_ps.cso
c:\users\pablo\onedrive - abertay university\work\procedural metods\project 1\dof_ps.cso
c:\users\pablo\onedrive - abertay university\work\procedural metods\project 1\lightnormal_ps.cso
c:\users\pablo\onedrive - abertay university\work\procedural metods\project 1\lightnormal_vs.cso
c:\users\pablo\onedrive - abertay university\work\procedural metods\project 1\particle_cs.cso
c:\users\pablo\onedrive - abertay university\work\procedural metods\project 1\particle_gs.cso
c:\users\pablo\onedrive - abertay university\work\procedural metods\project 1\particle_ps.cso
c:\users\pablo\onedrive - abertay university\work\procedural metods\project 1\particle_vs.cso
c:\users\pablo\onedrive - abertay university\work\procedural metods\project 1\sand_ps.cso
c:\users\pablo\onedrive - abertay university\work\procedural metods\project 1\sand_vs.cso
c:\users\pablo\onedrive - abertay university\work\procedural metods\project 1\skybox_ps.cso
c:\users\pablo\onedrive - abertay university\work\procedural metods\project 1\skybox_vs.cso
c:\users\pablo\onedrive - abertay university\work\procedural metods\project 1\terrain_ps.cso
c:\users\pablo\onedrive - abertay university\work\procedural metods\project 1\terrain_vs.cso
c:\users\pablo\onedrive - abertay university\work\procedural metods\project 1\vignette_ps.cso
c:\users\pablo\onedrive - abertay university\work\procedural metods\project 1\waves_vs.cso
c:\users\pablo\onedrive - abertay university\work\procedural metods\project 1\waves_ps.cso
c:\users\pablo\onedrive - abertay university\work\procedural metods\project 1\bin\desktop_2015\x64\debug\directxtksimplesample_2015.lib
c:\users\pablo\onedrive - abertay university\work\procedural metods\project 1\bin\desktop_2015\x64\debug\directxtksimplesample_2015.exp
c:\users\2301715\onedrive - abertay university\work\procedural metods\project 1\bin\desktop_2015\x64\debug\directxtksimplesample_2015.exe
c:\users\2301715\onedrive - abertay university\work\procedural metods\project 1\bin\desktop_2015\x64\debug\directxtksimplesample_2015.pdb
c:\users\2301715\onedrive - abertay university\work\procedural metods\project 1\bin\desktop_2015\x64\debug\resource.res
c:\users\2301715\onedrive - abertay university\work\procedural metods\project 1\bin\desktop_2015\x64\debug\directxtksimplesample_2015.exe.embed.manifest.res
c:\users\pablo\onedrive - abertay university\work\procedural metods\project 1\bin\desktop_2015\x64\debug\directxtksimplesample_2015.ilk
c:\users\pablo\onedrive - abertay university\work\procedural metods\project 1\bin\desktop_2015\x64\debug\directxtksimplesample_2015.exe.embed.manifest
c:\users\pablo\onedrive - abertay university\work\procedural metods\project 1\bin\desktop_2015\x64\debug\directxtksimplesample_2015.exe.embed.manifest.res
c:\users\pablo\onedrive - abertay university\work\procedural metods\project 1\bin\desktop_2015\x64\debug\resource.res
c:\users\pablo\onedrive - abertay university\work\procedural metods\project 1\bin\desktop_2015\x64\debug\directxtksimplesample_2015.pdb
c:\users\pablo\onedrive - abertay university\work\procedural metods\project 1\bin\desktop_2015\x64\debug\directxtksimplesample_2015_manifest.rc
c:\users\pablo\onedrive - abertay university\work\procedural metods\project 1\bin\desktop_2015\x64\debug\directxt.2c4f0429.tlog\cl.command.1.tlog
c:\users\pablo\onedrive - abertay university\work\procedural metods\project 1\bin\desktop_2015\x64\debug\directxt.2c4f0429.tlog\cl.items.tlog
c:\users\pablo\onedrive - abertay university\work\procedural metods\project 1\bin\desktop_2015\x64\debug\directxt.2c4f0429.tlog\cl.read.1.tlog
c:\users\pablo\onedrive - abertay university\work\procedural metods\project 1\bin\desktop_2015\x64\debug\directxt.2c4f0429.tlog\cl.write.1.tlog
c:\users\pablo\onedrive - abertay university\work\procedural metods\project 1\bin\desktop_2015\x64\debug\directxt.2c4f0429.tlog\copylocal.read.1u.tlog
c:\users\pablo\onedrive - abertay university\work\procedural metods\project 1\bin\desktop_2015\x64\debug\directxt.2c4f0429.tlog\copylocal.write.1u.tlog
c:\users\pablo\onedrive - abertay university\work\procedural metods\project 1\bin\desktop_2015\x64\debug\directxt.2c4f0429.tlog\fxc.command.1.tlog
c:\users\pablo\onedrive - abertay university\work\procedural metods\project 1\bin\desktop_2015\x64\debug\directxt.2c4f0429.tlog\fxc.read.1.tlog
c:\users\pablo\onedrive - abertay university\work\procedural metods\project 1\bin\desktop_2015\x64\debug\directxt.2c4f0429.tlog\fxc.write.1.tlog
c:\users\pablo\onedrive - abertay university\work\procedural metods\project 1\bin\desktop_2015\x64\debug\directxt.2c4f0429.tlog\link.command.1.tlog
c:\users\pablo\onedrive - abertay university\work\procedural metods\project 1\bin\desktop_2015\x64\debug\directxt.2c4f0429.tlog\link.read.1.tlog
c:\users\pablo\onedrive - abertay university\work\procedural metods\project 1\bin\desktop_2015\x64\debug\directxt.2c4f0429.tlog\link.secondary.1.tlog
c:\users\pablo\onedrive - abertay university\work\procedural metods\project 1\bin\desktop_2015\x64\debug\directxt.2c4f0429.tlog\link.write.1.tlog
c:\users\pablo\onedrive - abertay university\work\procedural metods\project 1\bin\desktop_2015\x64\debug\directxt.2c4f0429.tlog\rc.command.1.tlog
c:\users\pablo\onedrive - abertay university\work\procedural metods\project 1\bin\desktop_2015\x64\debug\directxt.2c4f0429.tlog\rc.read.1.tlog
c:\users\pablo\onedrive - abertay university\work\procedural metods\project 1\bin\desktop_2015\x64\debug\directxt.2c4f0429.tlog\rc.write.1.tlog
